<?xml version="1.0" encoding="UTF-8"?>
<!-- Generated by org.testng.reporters.JUnitReportReporter -->
<testsuite skipped="0" hostname="DESKTOP-KJI7EVB" name="Jupiter.toys.TestScripts.TC2_SuccesssfulSubmissionMessage" tests="5" failures="0" timestamp="09 Apr 2023 01:51:09 GMT" time="97.091" errors="0">
  <testcase name="ValidateSubmissionMessage" time="15.527" classname="Jupiter.toys.TestScripts.TC2_SuccesssfulSubmissionMessage"/>
  <testcase name="ValidateSubmissionMessage" time="22.837" classname="Jupiter.toys.TestScripts.TC2_SuccesssfulSubmissionMessage"/>
  <testcase name="ValidateSubmissionMessage" time="18.934" classname="Jupiter.toys.TestScripts.TC2_SuccesssfulSubmissionMessage"/>
  <testcase name="ValidateSubmissionMessage" time="17.742" classname="Jupiter.toys.TestScripts.TC2_SuccesssfulSubmissionMessage"/>
  <testcase name="ValidateSubmissionMessage" time="22.051" classname="Jupiter.toys.TestScripts.TC2_SuccesssfulSubmissionMessage"/>
</testsuite> <!-- Jupiter.toys.TestScripts.TC2_SuccesssfulSubmissionMessage -->
