<?xml version="1.0" encoding="UTF-8"?>
<!-- Generated by org.testng.reporters.JUnitReportReporter -->
<testsuite skipped="0" hostname="DESKTOP-KJI7EVB" name="Jupiter.toys.TestScripts.TC3_CartPage" tests="1" failures="0" timestamp="09 Apr 2023 01:03:19 GMT" time="8.434" errors="0">
  <testcase name="ValidateCartPage" time="8.434" classname="Jupiter.toys.TestScripts.TC3_CartPage"/>
</testsuite> <!-- Jupiter.toys.TestScripts.TC3_CartPage -->
