<?xml version="1.0" encoding="UTF-8"?>
<!-- Generated by org.testng.reporters.JUnitReportReporter -->
<testsuite skipped="0" hostname="DESKTOP-KJI7EVB" name="Jupiter.toys.Base.Base" tests="1" failures="0" timestamp="06 Apr 2023 05:57:48 GMT" time="27.266" errors="0">
  <testcase name="BrowserLaunch" time="27.266" classname="Jupiter.toys.Base.Base"/>
</testsuite> <!-- Jupiter.toys.Base.Base -->
