<?xml version="1.0" encoding="UTF-8"?>
<!-- Generated by org.testng.reporters.JUnitReportReporter -->
<testsuite skipped="0" hostname="DESKTOP-KJI7EVB" name="Jupiter.toys.TestScripts.TC1_ContactPageVerification" tests="1" failures="0" timestamp="06 Apr 2023 13:27:28 GMT" time="57.260" errors="0">
  <testcase name="VerifyErrorMessages" time="57.260" classname="Jupiter.toys.TestScripts.TC1_ContactPageVerification"/>
</testsuite> <!-- Jupiter.toys.TestScripts.TC1_ContactPageVerification -->
