<?xml version="1.0" encoding="UTF-8"?>
<!-- Generated by org.testng.reporters.JUnitReportReporter -->
<testsuite skipped="0" hostname="DESKTOP-KJI7EVB" name="Jupiter.toys.TestScripts.TC1_ContactPageMandatoryFields" tests="1" failures="0" timestamp="09 Apr 2023 02:44:20 GMT" time="14.612" errors="0">
  <testcase name="VerifyErrorMessages" time="14.612" classname="Jupiter.toys.TestScripts.TC1_ContactPageMandatoryFields"/>
</testsuite> <!-- Jupiter.toys.TestScripts.TC1_ContactPageMandatoryFields -->
